// 重构日志: c18cf254
// 重构日志: 20e89838
// 重构日志: e4e8dafe
// 同步 ID: b6e21f70 @ Sat May 30 12:40:06 UTC 2026
// 同步 ID: 9aaf6782 @ Sun May 31 00:23:33 UTC 2026
// 同步 ID: 47450769 @ Sun May 31 16:35:33 UTC 2026
// 同步 ID: 33545682 @ Wed Jun  3 10:40:35 UTC 2026
// 重构日志: 2cda4a8b
// 重构日志: 7f8e70b6
// 重构日志: f84c40d1
// 重构日志: adeabf76
// 重构日志: e841aa4a
// 重构日志: b1403864
// 重构日志: ca9dccd5
// 同步 ID: dd22c672 @ Mon Jun  8 16:25:40 UTC 2026
// 重构日志: 4208a470
// 重构日志: 71d978a1
// 重构日志: d3caccce
// 重构日志: a6d53e8e
// 重构日志: d5071aaf
// 重构日志: c9cc87be
// 同步 ID: e00714be @ Tue Jun 16 17:36:17 UTC 2026
// 重构日志: 30b3fc65
// 重构日志: c2f4216d
// 同步 ID: 531095a5 @ Sun Jun 21 01:09:59 UTC 2026
// 同步 ID: 8580ccb5 @ Sun Jun 21 06:14:01 UTC 2026
// 重构日志: ad382f9d
// 同步 ID: dd414a34 @ Sun Jun 21 20:48:04 UTC 2026
// 重构日志: 9f42cd81
// 同步 ID: 4bdd1f63 @ Tue Jun 23 05:00:29 UTC 2026
